[+] Containers:
 |- [+] Container: /Game/FirstPerson/Maps/FirstPersonMap
 |   |- [+] ActorDescs:
 |   |   |- Guid:02E63A5040487CE881711BA52492AC66 BaseClass: NativeClass:/Script/Engine.VolumetricCloud Name:VolumetricCloud_UAID_047C16ED970DB55502_1500008130 Label:VolumetricCloud2 SpatiallyLoaded:0 Bounds:IsValid=true, Min=(X=0.000 Y=0.000 Z=820.000), Max=(X=0.000 Y=0.000 Z=820.000) RuntimeGrid:None EditorOnly:0 RuntimeOnly:0 HLODRelevant:0 ListedInSceneOutliner:1 IsMainWorldOnly:0 FolderPath:Lighting FolderGuid:0BA5F0A04EADB18E70D5B180D08FA34B
 |   |   |- Guid:064442BE4C00B23F1CAC199B73B3011A BaseClass: NativeClass:/Script/Engine.StaticMeshActor Name:StaticMeshActor_UAID_047C16ED970DB55502_1511183154 Label:Cube22 SpatiallyLoaded:1 Bounds:IsValid=true, Min=(X=8930.000 Y=11318.250 Z=-122.500), Max=(X=11730.000 Y=14241.750 Z=9902.500) RuntimeGrid:None EditorOnly:0 RuntimeOnly:0 HLODRelevant:1 ListedInSceneOutliner:1 IsMainWorldOnly:0
 |   |   |- Guid:0AB4C04742C3C70687D09FB62FE9A106 BaseClass: NativeClass:/Script/Engine.StaticMeshActor Name:StaticMeshActor_UAID_047C16ED970DB55502_1500023147 Label:Cube16 SpatiallyLoaded:1 Bounds:IsValid=true, Min=(X=-10580.000 Y=-13561.750 Z=-122.500), Max=(X=-7780.000 Y=-10638.250 Z=9902.500) RuntimeGrid:None EditorOnly:0 RuntimeOnly:0 HLODRelevant:1 ListedInSceneOutliner:1 IsMainWorldOnly:0
 |   |   |- Guid:113218804333ACB94CE288AA6DD49696 BaseClass: NativeClass:/Script/Engine.StaticMeshActor Name:StaticMeshActor_UAID_047C16ED970DB55502_1511183155 Label:Cube23 SpatiallyLoaded:1 Bounds:IsValid=true, Min=(X=8930.000 Y=-13561.750 Z=-122.500), Max=(X=11730.000 Y=-10638.250 Z=9902.500) RuntimeGrid:None EditorOnly:0 RuntimeOnly:0 HLODRelevant:1 ListedInSceneOutliner:1 IsMainWorldOnly:0
 |   |   |- Guid:1A3A87BD40057F62301F949315C3F25E BaseClass: NativeClass:/Script/Engine.StaticMeshActor Name:StaticMeshActor_UAID_047C16ED970DB55502_1544963164 Label:Cube32 SpatiallyLoaded:1 Bounds:IsValid=true, Min=(X=-6820.000 Y=-1201.750 Z=-2062.500), Max=(X=-4020.000 Y=1721.750 Z=7962.500) RuntimeGrid:None EditorOnly:0 RuntimeOnly:0 HLODRelevant:1 ListedInSceneOutliner:1 IsMainWorldOnly:0
 |   |   |- Guid:23C14BDB47445703FB24FC86AC5F1767 BaseClass: NativeClass:/Script/Engine.StaticMeshActor Name:StaticMeshActor_UAID_047C16ED970DB55502_1511182153 Label:Cube21 SpatiallyLoaded:1 Bounds:IsValid=true, Min=(X=8930.000 Y=6728.250 Z=-122.500), Max=(X=11730.000 Y=9651.750 Z=9902.500) RuntimeGrid:None EditorOnly:0 RuntimeOnly:0 HLODRelevant:1 ListedInSceneOutliner:1 IsMainWorldOnly:0
 |   |   |- Guid:2602E6A4494E27F51B5B1F994DC04C82 BaseClass: NativeClass:/Script/Engine.StaticMeshActor Name:StaticMeshActor_UAID_047C16ED970DB55502_1540231163 Label:Cube31 SpatiallyLoaded:1 Bounds:IsValid=true, Min=(X=5200.000 Y=-13561.750 Z=-122.500), Max=(X=8000.000 Y=-10638.250 Z=9902.500) RuntimeGrid:None EditorOnly:0 RuntimeOnly:0 HLODRelevant:1 ListedInSceneOutliner:1 IsMainWorldOnly:0
 |   |   |- Guid:2A3BD703449AF6C10D880D9CF129D73A BaseClass: NativeClass:/Script/Engine.StaticMeshActor Name:StaticMeshActor_UAID_047C16ED970DB55502_1511181152 Label:Cube20 SpatiallyLoaded:1 Bounds:IsValid=true, Min=(X=8930.000 Y=2658.250 Z=-122.500), Max=(X=11730.000 Y=5581.750 Z=9902.500) RuntimeGrid:None EditorOnly:0 RuntimeOnly:0 HLODRelevant:1 ListedInSceneOutliner:1 IsMainWorldOnly:0
 |   |   |- Guid:37B8F8E34B08B9AF481160BE9FB5F1C8 BaseClass: NativeClass:/Script/Engine.StaticMeshActor Name:StaticMeshActor_UAID_047C16ED970DB55502_1300027119 Label:Cube SpatiallyLoaded:1 Bounds:IsValid=true, Min=(X=-10580.000 Y=-9091.750 Z=-122.500), Max=(X=-7780.000 Y=-6168.250 Z=9902.500) RuntimeGrid:None EditorOnly:0 RuntimeOnly:0 HLODRelevant:1 ListedInSceneOutliner:1 IsMainWorldOnly:0
 |   |   |- Guid:40DA68C545A0CAF86F3DE99454CE1881 BaseClass: NativeClass:/Script/Engine.StaticMeshActor Name:StaticMeshActor_UAID_047C16ED970DB55502_1924904169 Label:Cube36 SpatiallyLoaded:1 Bounds:IsValid=true, Min=(X=-16777.500 Y=15450.000 Z=-3740.000), Max=(X=17497.500 Y=18250.000 Z=13360.000) RuntimeGrid:None EditorOnly:0 RuntimeOnly:0 HLODRelevant:1 ListedInSceneOutliner:1 IsMainWorldOnly:0
 |   |   |- Guid:472E2B9B417B2CC7383108BEAA399656 BaseClass: NativeClass:/Script/Engine.StaticMeshActor Name:StaticMeshActor_UAID_047C16ED970DB55502_1538698162 Label:Cube30 SpatiallyLoaded:1 Bounds:IsValid=true, Min=(X=1290.000 Y=-13561.750 Z=-122.500), Max=(X=4090.000 Y=-10638.250 Z=9902.500) RuntimeGrid:None EditorOnly:0 RuntimeOnly:0 HLODRelevant:1 ListedInSceneOutliner:1 IsMainWorldOnly:0
 |   |   |- Guid:4B0AEA8F42B47FEA89ED99AF388F116D BaseClass: NativeClass:/Script/Engine.StaticMeshActor Name:StaticMeshActor_UAID_047C16ED970DB55502_1500016138 Label:Plane2 SpatiallyLoaded:1 Bounds:IsValid=true, Min=(X=-11497.500 Y=-14660.000 Z=-50.000), Max=(X=12677.500 Y=15440.000 Z=-50.000) RuntimeGrid:None EditorOnly:0 RuntimeOnly:0 HLODRelevant:1 ListedInSceneOutliner:1 IsMainWorldOnly:0
 |   |   |- Guid:5093C828430884C067CCE49E0FF0DC46 BaseClass: NativeClass:/Script/Engine.StaticMeshActor Name:StaticMeshActor_UAID_047C16ED970DB55502_1528844158 Label:Cube26 SpatiallyLoaded:1 Bounds:IsValid=true, Min=(X=1250.000 Y=11318.250 Z=-122.500), Max=(X=4050.000 Y=14241.750 Z=9902.500) RuntimeGrid:None EditorOnly:0 RuntimeOnly:0 HLODRelevant:1 ListedInSceneOutliner:1 IsMainWorldOnly:0
 |   |   |- Guid:575D4D8F4FC98B4BBC6F62A61BD607EF BaseClass: NativeClass:/Script/Engine.PostProcessVolume Name:PostProcessVolume_UAID_047C16ED970DB55502_1500016137 Label:PostProcessVolume2 SpatiallyLoaded:0 Bounds:IsValid=true, Min=(X=0.000 Y=0.000 Z=400.000), Max=(X=200.000 Y=200.000 Z=600.000) RuntimeGrid:None EditorOnly:0 RuntimeOnly:0 HLODRelevant:0 ListedInSceneOutliner:1 IsMainWorldOnly:0 FolderPath:Lighting FolderGuid:0BA5F0A04EADB18E70D5B180D08FA34B
 |   |   |- Guid:5DE00DD74C2D1CFBFFD536A329B092FD BaseClass: NativeClass:/Script/Engine.Actor Name:ChaosDebugDrawActor_UAID_047C16ED970DB55502_1500006128 Label:Actor2 SpatiallyLoaded:1 Bounds:Invalid RuntimeGrid:None EditorOnly:0 RuntimeOnly:0 HLODRelevant:0 ListedInSceneOutliner:0 IsMainWorldOnly:0
 |   |   |- Guid:5FE7584649BB6F09265329A6C57CFD0D BaseClass: NativeClass:/Script/Engine.VolumetricCloud Name:VolumetricCloud_0 Label:VolumetricCloud SpatiallyLoaded:0 Bounds:IsValid=true, Min=(X=0.000 Y=0.000 Z=820.000), Max=(X=0.000 Y=0.000 Z=820.000) RuntimeGrid:None EditorOnly:0 RuntimeOnly:0 HLODRelevant:0 ListedInSceneOutliner:1 IsMainWorldOnly:0 FolderPath:Lighting FolderGuid:0BA5F0A04EADB18E70D5B180D08FA34B
 |   |   |- Guid:61391D344900612A77DFC3BA3E354907 BaseClass: NativeClass:/Script/Engine.ExponentialHeightFog Name:ExponentialHeightFog_0 Label:ExponentialHeightFog SpatiallyLoaded:0 Bounds:IsValid=true, Min=(X=-5600.000 Y=-50.000 Z=-6850.000), Max=(X=-5600.000 Y=-50.000 Z=-6850.000) RuntimeGrid:None EditorOnly:0 RuntimeOnly:0 HLODRelevant:0 ListedInSceneOutliner:1 IsMainWorldOnly:0 FolderPath:Lighting FolderGuid:0BA5F0A04EADB18E70D5B180D08FA34B
 |   |   |- Guid:68FC0E4548D06625B746AF8204B2364F BaseClass: NativeClass:/Script/Engine.SkyAtmosphere Name:SkyAtmosphere_UAID_047C16ED970DB55502_1500014135 Label:SkyAtmosphere2 SpatiallyLoaded:0 Bounds:IsValid=true, Min=(X=0.000 Y=0.000 Z=1020.000), Max=(X=0.000 Y=0.000 Z=1020.000) RuntimeGrid:None EditorOnly:0 RuntimeOnly:0 HLODRelevant:0 ListedInSceneOutliner:1 IsMainWorldOnly:0 FolderPath:Lighting FolderGuid:0BA5F0A04EADB18E70D5B180D08FA34B
 |   |   |- Guid:6C52551D4DADA058F654A3A6D15B40D1 BaseClass: NativeClass:/Script/Engine.StaticMeshActor Name:StaticMeshActor_UAID_047C16ED970DB55502_1431434120 Label:Cube2 SpatiallyLoaded:1 Bounds:IsValid=true, Min=(X=-10580.000 Y=-5091.750 Z=-122.500), Max=(X=-7780.000 Y=-2168.250 Z=9902.500) RuntimeGrid:None EditorOnly:0 RuntimeOnly:0 HLODRelevant:1 ListedInSceneOutliner:1 IsMainWorldOnly:0
 |   |   |- Guid:6FEFB3BD4EB37B849EF0D4AC80F83855 BaseClass: NativeClass:/Script/Engine.WorldDataLayers Name:WorldDataLayers Label:WorldDataLayers SpatiallyLoaded:0 Bounds:IsValid=true, Min=(X=0.000 Y=0.000 Z=0.000), Max=(X=0.000 Y=0.000 Z=0.000) RuntimeGrid:None EditorOnly:0 RuntimeOnly:0 HLODRelevant:0 ListedInSceneOutliner:1 IsMainWorldOnly:1
 |   |   |- Guid:73921E974042757B6590CFB1FE9FD8E6 BaseClass: NativeClass:/Script/Engine.StaticMeshActor Name:StaticMeshActor_UAID_047C16ED970DB55502_1511180149 Label:Cube17 SpatiallyLoaded:1 Bounds:IsValid=true, Min=(X=8930.000 Y=-9091.750 Z=-122.500), Max=(X=11730.000 Y=-6168.250 Z=9902.500) RuntimeGrid:None EditorOnly:0 RuntimeOnly:0 HLODRelevant:1 ListedInSceneOutliner:1 IsMainWorldOnly:0
 |   |   |- Guid:740F9FC643D327B052BEB789BA93AC19 BaseClass: NativeClass:/Script/Engine.StaticMeshActor Name:StaticMeshActor_UAID_047C16ED970DB55502_1535158160 Label:Cube28 SpatiallyLoaded:1 Bounds:IsValid=true, Min=(X=-6810.000 Y=-13561.750 Z=-122.500), Max=(X=-4010.000 Y=-10638.250 Z=9902.500) RuntimeGrid:None EditorOnly:0 RuntimeOnly:0 HLODRelevant:1 ListedInSceneOutliner:1 IsMainWorldOnly:0
 |   |   |- Guid:7635FE884E39B46749988492604F7EED BaseClass: NativeClass:/Script/Engine.SkyLight Name:SkyLight_UAID_047C16ED970DB55502_1500011133 Label:SkyLight2 SpatiallyLoaded:0 Bounds:IsValid=true, Min=(X=0.000 Y=0.000 Z=690.000), Max=(X=0.000 Y=0.000 Z=690.000) RuntimeGrid:None EditorOnly:0 RuntimeOnly:0 HLODRelevant:0 ListedInSceneOutliner:1 IsMainWorldOnly:0 FolderPath:Lighting FolderGuid:0BA5F0A04EADB18E70D5B180D08FA34B
 |   |   |- Guid:77CEE7EE4A051F597908F8A3BB13810C BaseClass: NativeClass:/Script/Engine.StaticMeshActor Name:StaticMeshActor_UAID_047C16ED970DB55502_1500021145 Label:Cube14 SpatiallyLoaded:1 Bounds:IsValid=true, Min=(X=-10580.000 Y=11318.250 Z=-122.500), Max=(X=-7780.000 Y=14241.750 Z=9902.500) RuntimeGrid:None EditorOnly:0 RuntimeOnly:0 HLODRelevant:1 ListedInSceneOutliner:1 IsMainWorldOnly:0
 |   |   |- Guid:928251294874463E94899C93F96F00AA BaseClass: NativeClass:/Script/Engine.StaticMeshActor Name:StaticMeshActor_UAID_047C16ED970DB55502_1527542157 Label:Cube25 SpatiallyLoaded:1 Bounds:IsValid=true, Min=(X=-2860.000 Y=11318.250 Z=-122.500), Max=(X=-60.000 Y=14241.750 Z=9902.500) RuntimeGrid:None EditorOnly:0 RuntimeOnly:0 HLODRelevant:1 ListedInSceneOutliner:1 IsMainWorldOnly:0
 |   |   |- Guid:94B07DEE44CCFBE30006249EA35F0F17 BaseClass: NativeClass:/Script/Engine.StaticMeshActor Name:StaticMeshActor_UAID_047C16ED970DB55502_1477817123 Label:Cube5 SpatiallyLoaded:1 Bounds:IsValid=true, Min=(X=-10580.000 Y=6728.250 Z=-122.500), Max=(X=-7780.000 Y=9651.750 Z=9902.500) RuntimeGrid:None EditorOnly:0 RuntimeOnly:0 HLODRelevant:1 ListedInSceneOutliner:1 IsMainWorldOnly:0
 |   |   |- Guid:9803709C4E0622E5DD3A50B51075D069 BaseClass: NativeClass:/Script/Engine.StaticMeshActor Name:StaticMeshActor_UAID_047C16ED970DB55502_1500019141 Label:Cube10 SpatiallyLoaded:1 Bounds:IsValid=true, Min=(X=-10580.000 Y=-5091.750 Z=-122.500), Max=(X=-7780.000 Y=-2168.250 Z=9902.500) RuntimeGrid:None EditorOnly:0 RuntimeOnly:0 HLODRelevant:1 ListedInSceneOutliner:1 IsMainWorldOnly:0
 |   |   |- Guid:9D9D646F481F8CD5FD4049ADC8E8B554 BaseClass: NativeClass:/Script/Engine.StaticMeshActor Name:StaticMeshActor_UAID_047C16ED970DB55502_1491667126 Label:Cube8 SpatiallyLoaded:1 Bounds:IsValid=true, Min=(X=-10580.000 Y=-13561.750 Z=-122.500), Max=(X=-7780.000 Y=-10638.250 Z=9902.500) RuntimeGrid:None EditorOnly:0 RuntimeOnly:0 HLODRelevant:1 ListedInSceneOutliner:1 IsMainWorldOnly:0
 |   |   |- Guid:A290738F404BAAD479FF15B4984F8C01 BaseClass: NativeClass:/Script/Engine.StaticMeshActor Name:StaticMeshActor_UAID_047C16ED970DB55502_1537061161 Label:Cube29 SpatiallyLoaded:1 Bounds:IsValid=true, Min=(X=-2930.000 Y=-13561.750 Z=-122.500), Max=(X=-130.000 Y=-10638.250 Z=9902.500) RuntimeGrid:None EditorOnly:0 RuntimeOnly:0 HLODRelevant:1 ListedInSceneOutliner:1 IsMainWorldOnly:0
 |   |   |- Guid:A354B1B24E617A525DC6B48CCDE2417E BaseClass: NativeClass:/Script/Engine.PlayerStart Name:PlayerStart_0 Label:PlayerStart SpatiallyLoaded:0 Bounds:IsValid=true, Min=(X=26.137 Y=540.066 Z=70.485), Max=(X=106.137 Y=620.066 Z=254.485) RuntimeGrid:None EditorOnly:0 RuntimeOnly:0 HLODRelevant:0 ListedInSceneOutliner:1 IsMainWorldOnly:0
 |   |   |- Guid:A6D522984EDFF012D891A29C9CDBFB1F BaseClass: NativeClass:/Script/Engine.StaticMeshActor Name:StaticMeshActor_UAID_047C16ED970DB55502_1525010156 Label:Cube24 SpatiallyLoaded:1 Bounds:IsValid=true, Min=(X=-6840.000 Y=11318.250 Z=-122.500), Max=(X=-4040.000 Y=14241.750 Z=9902.500) RuntimeGrid:None EditorOnly:0 RuntimeOnly:0 HLODRelevant:1 ListedInSceneOutliner:1 IsMainWorldOnly:0
 |   |   |- Guid:ABB1D9A4474F231CC16F2C98D78231C1 BaseClass: NativeClass:/Script/Engine.StaticMeshActor Name:StaticMeshActor_UAID_047C16ED970DB55502_1511178148 Label:SM_SkySphere3 SpatiallyLoaded:0 Bounds:IsValid=true, Min=(X=-1618890.000 Y=-1638400.000 Z=-1638400.000), Max=(X=1657910.000 Y=1638400.000 Z=1638400.000) RuntimeGrid:None EditorOnly:0 RuntimeOnly:0 HLODRelevant:0 ListedInSceneOutliner:1 IsMainWorldOnly:0 FolderPath:Lighting FolderGuid:0BA5F0A04EADB18E70D5B180D08FA34B
 |   |   |- Guid:AD4BCED74E129A4205F2B2949D89E45D BaseClass: NativeClass:/Script/Engine.StaticMeshActor Name:StaticMeshActor_UAID_047C16ED970DB55502_1547867165 Label:Cube33 SpatiallyLoaded:1 Bounds:IsValid=true, Min=(X=5050.000 Y=-1201.750 Z=-2292.500), Max=(X=7850.000 Y=1721.750 Z=7732.500) RuntimeGrid:None EditorOnly:0 RuntimeOnly:0 HLODRelevant:1 ListedInSceneOutliner:1 IsMainWorldOnly:0
 |   |   |- Guid:AD551C6348649AA63719C7A739076DEA BaseClass: NativeClass:/Script/Engine.StaticMeshActor Name:StaticMeshActor_UAID_047C16ED970DB55502_1530590159 Label:Cube27 SpatiallyLoaded:1 Bounds:IsValid=true, Min=(X=5090.000 Y=11318.250 Z=-122.500), Max=(X=7890.000 Y=14241.750 Z=9902.500) RuntimeGrid:None EditorOnly:0 RuntimeOnly:0 HLODRelevant:1 ListedInSceneOutliner:1 IsMainWorldOnly:0
 |   |   |- Guid:ADBACD53415D8B8C8796A688447EF5EE BaseClass: NativeClass:/Script/Engine.StaticMeshActor Name:StaticMeshActor_UAID_047C16ED970DB55502_1480752124 Label:Cube6 SpatiallyLoaded:1 Bounds:IsValid=true, Min=(X=-10580.000 Y=11318.250 Z=-122.500), Max=(X=-7780.000 Y=14241.750 Z=9902.500) RuntimeGrid:None EditorOnly:0 RuntimeOnly:0 HLODRelevant:1 ListedInSceneOutliner:1 IsMainWorldOnly:0
 |   |   |- Guid:B24C50E744236F73D9473DA38099371C BaseClass: NativeClass:/Script/Engine.StaticMeshActor Name:StaticMeshActor_UAID_047C16ED970DB55502_1511180150 Label:Cube18 SpatiallyLoaded:1 Bounds:IsValid=true, Min=(X=8930.000 Y=-5091.750 Z=-122.500), Max=(X=11730.000 Y=-2168.250 Z=9902.500) RuntimeGrid:None EditorOnly:0 RuntimeOnly:0 HLODRelevant:1 ListedInSceneOutliner:1 IsMainWorldOnly:0
 |   |   |- Guid:B2FEF4BB4A955510B7DDFA88F1FAB770 BaseClass: NativeClass:/Script/Engine.StaticMeshActor Name:StaticMeshActor_UAID_047C16ED970DB55502_1500022146 Label:Cube15 SpatiallyLoaded:1 Bounds:IsValid=true, Min=(X=-10580.000 Y=-13561.750 Z=-122.500), Max=(X=-7780.000 Y=-10638.250 Z=9902.500) RuntimeGrid:None EditorOnly:0 RuntimeOnly:0 HLODRelevant:1 ListedInSceneOutliner:1 IsMainWorldOnly:0
 |   |   |- Guid:B50BC05244D8CCC617EDED8828DD7FC2 BaseClass: NativeClass:/Script/Engine.StaticMeshActor Name:StaticMeshActor_UAID_047C16ED970DB55502_1868963167 Label:Cube35 SpatiallyLoaded:1 Bounds:IsValid=true, Min=(X=-14270.000 Y=-16877.500 Z=-3740.000), Max=(X=-11470.000 Y=17397.500 Z=13360.000) RuntimeGrid:None EditorOnly:0 RuntimeOnly:0 HLODRelevant:1 ListedInSceneOutliner:1 IsMainWorldOnly:0
 |   |   |- Guid:BE8B8ECD45FAD94939ABDA9CB58673B1 BaseClass: NativeClass:/Script/Engine.StaticMeshActor Name:StaticMeshActor_UAID_047C16ED970DB55502_1473199121 Label:Cube3 SpatiallyLoaded:1 Bounds:IsValid=true, Min=(X=-10580.000 Y=-1201.750 Z=-122.500), Max=(X=-7780.000 Y=1721.750 Z=9902.500) RuntimeGrid:None EditorOnly:0 RuntimeOnly:0 HLODRelevant:1 ListedInSceneOutliner:1 IsMainWorldOnly:0
 |   |   |- Guid:BFB69E4C4192FA6A04B4628E2B872D37 BaseClass:/Game/FirstPerson/Blueprints/BP_Pickup_Rifle.BP_Pickup_Rifle_C NativeClass:/Script/Engine.Actor Name:BP_Rifle_C_UAID_047C16ED970DB55502_1500017139 Label:BP_Pickup_Rifle2 SpatiallyLoaded:1 Bounds:IsValid=true, Min=(X=1070.703 Y=526.051 Z=27.398), Max=(X=1134.703 Y=609.241 Z=91.398) RuntimeGrid:None EditorOnly:0 RuntimeOnly:0 HLODRelevant:0 ListedInSceneOutliner:1 IsMainWorldOnly:0
 |   |   |- Guid:C0C56B9644AE3D40CAFF6A878DB29844 BaseClass: NativeClass:/Script/Engine.StaticMeshActor Name:StaticMeshActor_UAID_A4AE111137DC5EFB00_2001720423 Label:SM_SkySphere SpatiallyLoaded:0 Bounds:IsValid=true, Min=(X=-1638400.000 Y=-1638400.000 Z=-1638400.000), Max=(X=1638400.000 Y=1638400.000 Z=1638400.000) RuntimeGrid:None EditorOnly:0 RuntimeOnly:0 HLODRelevant:1 ListedInSceneOutliner:1 IsMainWorldOnly:0 FolderPath:Lighting FolderGuid:0BA5F0A04EADB18E70D5B180D08FA34B
 |   |   |- Guid:C22CE07C4B87D685137FDBBC10FC92C6 BaseClass: NativeClass:/Script/Engine.SkyAtmosphere Name:SkyAtmosphere_0 Label:SkyAtmosphere SpatiallyLoaded:0 Bounds:IsValid=true, Min=(X=0.000 Y=0.000 Z=1020.000), Max=(X=0.000 Y=0.000 Z=1020.000) RuntimeGrid:None EditorOnly:0 RuntimeOnly:0 HLODRelevant:0 ListedInSceneOutliner:1 IsMainWorldOnly:0 FolderPath:Lighting FolderGuid:0BA5F0A04EADB18E70D5B180D08FA34B
 |   |   |- Guid:C426591F4EDBABD9C623D3A2AF8A7D1F BaseClass: NativeClass:/Script/Engine.StaticMeshActor Name:StaticMeshActor_UAID_047C16ED970DB55502_1838530166 Label:Cube34 SpatiallyLoaded:1 Bounds:IsValid=true, Min=(X=12680.000 Y=-16877.500 Z=-3740.000), Max=(X=15480.000 Y=17397.500 Z=13360.000) RuntimeGrid:None EditorOnly:0 RuntimeOnly:0 HLODRelevant:1 ListedInSceneOutliner:1 IsMainWorldOnly:0
 |   |   |- Guid:C541D1094858CD87DEDCCCA37DD1C0DA BaseClass: NativeClass:/Script/Engine.StaticMeshActor Name:StaticMeshActor_UAID_047C16ED970DB55502_1975919170 Label:Cube37 SpatiallyLoaded:1 Bounds:IsValid=true, Min=(X=-16777.500 Y=-17440.000 Z=-3740.000), Max=(X=17497.500 Y=-14639.999 Z=13360.000) RuntimeGrid:None EditorOnly:0 RuntimeOnly:0 HLODRelevant:1 ListedInSceneOutliner:1 IsMainWorldOnly:0
 |   |   |- Guid:CA0C0930441574E19A83369FE661D7DA BaseClass: NativeClass:/Script/Engine.StaticMeshActor Name:StaticMeshActor_UAID_047C16ED970DB55502_1500020144 Label:Cube13 SpatiallyLoaded:1 Bounds:IsValid=true, Min=(X=-10580.000 Y=6728.250 Z=-122.500), Max=(X=-7780.000 Y=9651.750 Z=9902.500) RuntimeGrid:None EditorOnly:0 RuntimeOnly:0 HLODRelevant:1 ListedInSceneOutliner:1 IsMainWorldOnly:0
 |   |   |- Guid:CD78D4A94CA3F959A850908415E5F15D BaseClass: NativeClass:/Script/Engine.StaticMeshActor Name:StaticMeshActor_UAID_047C16ED970DB55502_1500018140 Label:Cube9 SpatiallyLoaded:1 Bounds:IsValid=true, Min=(X=-10580.000 Y=-9091.750 Z=-122.500), Max=(X=-7780.000 Y=-6168.250 Z=9902.500) RuntimeGrid:None EditorOnly:0 RuntimeOnly:0 HLODRelevant:1 ListedInSceneOutliner:1 IsMainWorldOnly:0
 |   |   |- Guid:CE8D82634660FCDB3120E2B8D547C533 BaseClass: NativeClass:/Script/Engine.PostProcessVolume Name:PostProcessVolume_0 Label:PostProcessVolume SpatiallyLoaded:0 Bounds:IsValid=true, Min=(X=0.000 Y=0.000 Z=400.000), Max=(X=200.000 Y=200.000 Z=600.000) RuntimeGrid:None EditorOnly:0 RuntimeOnly:0 HLODRelevant:0 ListedInSceneOutliner:1 IsMainWorldOnly:0 FolderPath:Lighting FolderGuid:0BA5F0A04EADB18E70D5B180D08FA34B
 |   |   |- Guid:D735696C400E69770F72CC99D73E27A3 BaseClass: NativeClass:/Script/Engine.StaticMeshActor Name:StaticMeshActor_UAID_047C16ED970DB55502_1484920125 Label:Cube7 SpatiallyLoaded:1 Bounds:IsValid=true, Min=(X=-10580.000 Y=-13561.750 Z=-122.500), Max=(X=-7780.000 Y=-10638.250 Z=9902.500) RuntimeGrid:None EditorOnly:0 RuntimeOnly:0 HLODRelevant:1 ListedInSceneOutliner:1 IsMainWorldOnly:0
 |   |   |- Guid:DCEF1EF044BD9D06ED1C8C9AA975B195 BaseClass: NativeClass:/Script/Engine.StaticMeshActor Name:StaticMeshActor_UAID_047C16ED970DB55502_1500020142 Label:Cube11 SpatiallyLoaded:1 Bounds:IsValid=true, Min=(X=-10580.000 Y=-1201.750 Z=-122.500), Max=(X=-7780.000 Y=1721.750 Z=9902.500) RuntimeGrid:None EditorOnly:0 RuntimeOnly:0 HLODRelevant:1 ListedInSceneOutliner:1 IsMainWorldOnly:0
 |   |   |- Guid:E49EE9CA4D33995FACA637AAA88F9AF7 BaseClass: NativeClass:/Script/Engine.DirectionalLight Name:DirectionalLight_UAID_047C16ED970DB55502_1500010131 Label:DirectionalLight2 SpatiallyLoaded:0 Bounds:Invalid RuntimeGrid:None EditorOnly:0 RuntimeOnly:0 HLODRelevant:0 ListedInSceneOutliner:1 IsMainWorldOnly:0 FolderPath:Lighting FolderGuid:0BA5F0A04EADB18E70D5B180D08FA34B
 |   |   |- Guid:E5320C1B4FD9764CE7B54D8487AEC613 BaseClass: NativeClass:/Script/Engine.SkyLight Name:SkyLight_0 Label:SkyLight SpatiallyLoaded:0 Bounds:IsValid=true, Min=(X=0.000 Y=0.000 Z=690.000), Max=(X=0.000 Y=0.000 Z=690.000) RuntimeGrid:None EditorOnly:0 RuntimeOnly:0 HLODRelevant:0 ListedInSceneOutliner:1 IsMainWorldOnly:0 FolderPath:Lighting FolderGuid:0BA5F0A04EADB18E70D5B180D08FA34B
 |   |   |- Guid:E62CC1F9450584DABC49F2B07F3AD8CF BaseClass: NativeClass:/Script/Engine.ExponentialHeightFog Name:ExponentialHeightFog_UAID_047C16ED970DB55502_1500007129 Label:ExponentialHeightFog2 SpatiallyLoaded:0 Bounds:IsValid=true, Min=(X=-5600.000 Y=-50.000 Z=-6850.000), Max=(X=-5600.000 Y=-50.000 Z=-6850.000) RuntimeGrid:None EditorOnly:0 RuntimeOnly:0 HLODRelevant:0 ListedInSceneOutliner:1 IsMainWorldOnly:0 FolderPath:Lighting FolderGuid:0BA5F0A04EADB18E70D5B180D08FA34B
 |   |   |- Guid:E738FA3C422BEA683DDBD7B4AE5ADB31 BaseClass: NativeClass:/Script/Engine.StaticMeshActor Name:StaticMeshActor_UAID_047C16ED970DB55502_1500020143 Label:Cube12 SpatiallyLoaded:1 Bounds:IsValid=true, Min=(X=-10580.000 Y=2658.250 Z=-122.500), Max=(X=-7780.000 Y=5581.750 Z=9902.500) RuntimeGrid:None EditorOnly:0 RuntimeOnly:0 HLODRelevant:1 ListedInSceneOutliner:1 IsMainWorldOnly:0
 |   |   |- Guid:E9714B0D458348FF33630F97AA2055FB BaseClass: NativeClass:/Script/Engine.StaticMeshActor Name:StaticMeshActor_UAID_047C16ED970DB55502_1511181151 Label:Cube19 SpatiallyLoaded:1 Bounds:IsValid=true, Min=(X=8930.000 Y=-1201.750 Z=-122.500), Max=(X=11730.000 Y=1721.750 Z=9902.500) RuntimeGrid:None EditorOnly:0 RuntimeOnly:0 HLODRelevant:1 ListedInSceneOutliner:1 IsMainWorldOnly:0
 |   |   |- Guid:EB20A2614B63DB63B7EF2B8A5A479A0F BaseClass: NativeClass:/Script/Engine.StaticMeshActor Name:StaticMeshActor_UAID_047C16ED970DB55502_1500015136 Label:SM_SkySphere2 SpatiallyLoaded:0 Bounds:IsValid=true, Min=(X=-1638400.000 Y=-1638400.000 Z=-1638400.000), Max=(X=1638400.000 Y=1638400.000 Z=1638400.000) RuntimeGrid:None EditorOnly:0 RuntimeOnly:0 HLODRelevant:0 ListedInSceneOutliner:1 IsMainWorldOnly:0 FolderPath:Lighting FolderGuid:0BA5F0A04EADB18E70D5B180D08FA34B
 |   |   |- Guid:EE66F4454A4A9F99393F559AB739C05E BaseClass:/Game/FirstPerson/Blueprints/BP_Pickup_Rifle.BP_Pickup_Rifle_C NativeClass:/Script/Engine.Actor Name:BP_Rifle_C_1 Label:BP_Pickup_Rifle SpatiallyLoaded:1 Bounds:IsValid=true, Min=(X=1070.703 Y=526.051 Z=27.398), Max=(X=1134.703 Y=609.241 Z=91.398) RuntimeGrid:None EditorOnly:0 RuntimeOnly:0 HLODRelevant:0 ListedInSceneOutliner:1 IsMainWorldOnly:0
 |   |   |- Guid:F80621C9446867154938FE81375207DA BaseClass: NativeClass:/Script/Engine.DirectionalLight Name:DirectionalLight_1 Label:DirectionalLight SpatiallyLoaded:0 Bounds:IsValid=true, Min=(X=-1048576.000 Y=-1048576.000 Z=-1048576.000), Max=(X=1048576.000 Y=1048576.000 Z=1048576.000) RuntimeGrid:None EditorOnly:0 RuntimeOnly:0 HLODRelevant:0 ListedInSceneOutliner:1 IsMainWorldOnly:0 FolderPath:Lighting FolderGuid:0BA5F0A04EADB18E70D5B180D08FA34B
 |   |   |- Guid:F92C00E5433574258581B5B7F97E40F4 BaseClass: NativeClass:/Script/Engine.StaticMeshActor Name:StaticMeshActor_UAID_047C16ED970DB55502_1475764122 Label:Cube4 SpatiallyLoaded:1 Bounds:IsValid=true, Min=(X=-10580.000 Y=2658.250 Z=-122.500), Max=(X=-7780.000 Y=5581.750 Z=9902.500) RuntimeGrid:None EditorOnly:0 RuntimeOnly:0 HLODRelevant:1 ListedInSceneOutliner:1 IsMainWorldOnly:0
 |   |   |- Guid:FDCEB61F402908D89453E182299C1CAD BaseClass: NativeClass:/Script/Engine.StaticMeshActor Name:StaticMeshActor_UAID_047C16ED970DB05502_2105059238 Label:Plane SpatiallyLoaded:1 Bounds:IsValid=true, Min=(X=-11497.500 Y=-14660.000 Z=-50.000), Max=(X=12677.500 Y=15440.000 Z=-50.000) RuntimeGrid:None EditorOnly:0 RuntimeOnly:0 HLODRelevant:1 ListedInSceneOutliner:1 IsMainWorldOnly:0
 |   |   |- Guid:FF9AD15A4243168DFF4E56B7334870B9 BaseClass: NativeClass:/Script/Engine.PlayerStart Name:PlayerStart_UAID_047C16ED970DB55502_1500013134 Label:PlayerStart2 SpatiallyLoaded:0 Bounds:IsValid=true, Min=(X=26.137 Y=540.066 Z=70.485), Max=(X=106.137 Y=620.066 Z=254.485) RuntimeGrid:None EditorOnly:0 RuntimeOnly:0 HLODRelevant:0 ListedInSceneOutliner:1 IsMainWorldOnly:0
 |   |- [+] Clusters:
 |   |   |- [+] [  0]
 |   |   |   |- Guid:02E63A5040487CE881711BA52492AC66 BaseClass: NativeClass:/Script/Engine.VolumetricCloud Name:VolumetricCloud_UAID_047C16ED970DB55502_1500008130 Label:VolumetricCloud2 SpatiallyLoaded:0 Bounds:IsValid=true, Min=(X=0.000 Y=0.000 Z=820.000), Max=(X=0.000 Y=0.000 Z=820.000) RuntimeGrid:None EditorOnly:0 RuntimeOnly:0 HLODRelevant:0 ListedInSceneOutliner:1 IsMainWorldOnly:0 FolderPath:Lighting FolderGuid:0BA5F0A04EADB18E70D5B180D08FA34B
 |   |   |- [+] [  1]
 |   |   |   |- Guid:064442BE4C00B23F1CAC199B73B3011A BaseClass: NativeClass:/Script/Engine.StaticMeshActor Name:StaticMeshActor_UAID_047C16ED970DB55502_1511183154 Label:Cube22 SpatiallyLoaded:1 Bounds:IsValid=true, Min=(X=8930.000 Y=11318.250 Z=-122.500), Max=(X=11730.000 Y=14241.750 Z=9902.500) RuntimeGrid:None EditorOnly:0 RuntimeOnly:0 HLODRelevant:1 ListedInSceneOutliner:1 IsMainWorldOnly:0
 |   |   |- [+] [  2]
 |   |   |   |- Guid:0AB4C04742C3C70687D09FB62FE9A106 BaseClass: NativeClass:/Script/Engine.StaticMeshActor Name:StaticMeshActor_UAID_047C16ED970DB55502_1500023147 Label:Cube16 SpatiallyLoaded:1 Bounds:IsValid=true, Min=(X=-10580.000 Y=-13561.750 Z=-122.500), Max=(X=-7780.000 Y=-10638.250 Z=9902.500) RuntimeGrid:None EditorOnly:0 RuntimeOnly:0 HLODRelevant:1 ListedInSceneOutliner:1 IsMainWorldOnly:0
 |   |   |- [+] [  3]
 |   |   |   |- Guid:113218804333ACB94CE288AA6DD49696 BaseClass: NativeClass:/Script/Engine.StaticMeshActor Name:StaticMeshActor_UAID_047C16ED970DB55502_1511183155 Label:Cube23 SpatiallyLoaded:1 Bounds:IsValid=true, Min=(X=8930.000 Y=-13561.750 Z=-122.500), Max=(X=11730.000 Y=-10638.250 Z=9902.500) RuntimeGrid:None EditorOnly:0 RuntimeOnly:0 HLODRelevant:1 ListedInSceneOutliner:1 IsMainWorldOnly:0
 |   |   |- [+] [  4]
 |   |   |   |- Guid:1A3A87BD40057F62301F949315C3F25E BaseClass: NativeClass:/Script/Engine.StaticMeshActor Name:StaticMeshActor_UAID_047C16ED970DB55502_1544963164 Label:Cube32 SpatiallyLoaded:1 Bounds:IsValid=true, Min=(X=-6820.000 Y=-1201.750 Z=-2062.500), Max=(X=-4020.000 Y=1721.750 Z=7962.500) RuntimeGrid:None EditorOnly:0 RuntimeOnly:0 HLODRelevant:1 ListedInSceneOutliner:1 IsMainWorldOnly:0
 |   |   |- [+] [  5]
 |   |   |   |- Guid:23C14BDB47445703FB24FC86AC5F1767 BaseClass: NativeClass:/Script/Engine.StaticMeshActor Name:StaticMeshActor_UAID_047C16ED970DB55502_1511182153 Label:Cube21 SpatiallyLoaded:1 Bounds:IsValid=true, Min=(X=8930.000 Y=6728.250 Z=-122.500), Max=(X=11730.000 Y=9651.750 Z=9902.500) RuntimeGrid:None EditorOnly:0 RuntimeOnly:0 HLODRelevant:1 ListedInSceneOutliner:1 IsMainWorldOnly:0
 |   |   |- [+] [  6]
 |   |   |   |- Guid:2602E6A4494E27F51B5B1F994DC04C82 BaseClass: NativeClass:/Script/Engine.StaticMeshActor Name:StaticMeshActor_UAID_047C16ED970DB55502_1540231163 Label:Cube31 SpatiallyLoaded:1 Bounds:IsValid=true, Min=(X=5200.000 Y=-13561.750 Z=-122.500), Max=(X=8000.000 Y=-10638.250 Z=9902.500) RuntimeGrid:None EditorOnly:0 RuntimeOnly:0 HLODRelevant:1 ListedInSceneOutliner:1 IsMainWorldOnly:0
 |   |   |- [+] [  7]
 |   |   |   |- Guid:2A3BD703449AF6C10D880D9CF129D73A BaseClass: NativeClass:/Script/Engine.StaticMeshActor Name:StaticMeshActor_UAID_047C16ED970DB55502_1511181152 Label:Cube20 SpatiallyLoaded:1 Bounds:IsValid=true, Min=(X=8930.000 Y=2658.250 Z=-122.500), Max=(X=11730.000 Y=5581.750 Z=9902.500) RuntimeGrid:None EditorOnly:0 RuntimeOnly:0 HLODRelevant:1 ListedInSceneOutliner:1 IsMainWorldOnly:0
 |   |   |- [+] [  8]
 |   |   |   |- Guid:37B8F8E34B08B9AF481160BE9FB5F1C8 BaseClass: NativeClass:/Script/Engine.StaticMeshActor Name:StaticMeshActor_UAID_047C16ED970DB55502_1300027119 Label:Cube SpatiallyLoaded:1 Bounds:IsValid=true, Min=(X=-10580.000 Y=-9091.750 Z=-122.500), Max=(X=-7780.000 Y=-6168.250 Z=9902.500) RuntimeGrid:None EditorOnly:0 RuntimeOnly:0 HLODRelevant:1 ListedInSceneOutliner:1 IsMainWorldOnly:0
 |   |   |- [+] [  9]
 |   |   |   |- Guid:40DA68C545A0CAF86F3DE99454CE1881 BaseClass: NativeClass:/Script/Engine.StaticMeshActor Name:StaticMeshActor_UAID_047C16ED970DB55502_1924904169 Label:Cube36 SpatiallyLoaded:1 Bounds:IsValid=true, Min=(X=-16777.500 Y=15450.000 Z=-3740.000), Max=(X=17497.500 Y=18250.000 Z=13360.000) RuntimeGrid:None EditorOnly:0 RuntimeOnly:0 HLODRelevant:1 ListedInSceneOutliner:1 IsMainWorldOnly:0
 |   |   |- [+] [ 10]
 |   |   |   |- Guid:472E2B9B417B2CC7383108BEAA399656 BaseClass: NativeClass:/Script/Engine.StaticMeshActor Name:StaticMeshActor_UAID_047C16ED970DB55502_1538698162 Label:Cube30 SpatiallyLoaded:1 Bounds:IsValid=true, Min=(X=1290.000 Y=-13561.750 Z=-122.500), Max=(X=4090.000 Y=-10638.250 Z=9902.500) RuntimeGrid:None EditorOnly:0 RuntimeOnly:0 HLODRelevant:1 ListedInSceneOutliner:1 IsMainWorldOnly:0
 |   |   |- [+] [ 11]
 |   |   |   |- Guid:4B0AEA8F42B47FEA89ED99AF388F116D BaseClass: NativeClass:/Script/Engine.StaticMeshActor Name:StaticMeshActor_UAID_047C16ED970DB55502_1500016138 Label:Plane2 SpatiallyLoaded:1 Bounds:IsValid=true, Min=(X=-11497.500 Y=-14660.000 Z=-50.000), Max=(X=12677.500 Y=15440.000 Z=-50.000) RuntimeGrid:None EditorOnly:0 RuntimeOnly:0 HLODRelevant:1 ListedInSceneOutliner:1 IsMainWorldOnly:0
 |   |   |- [+] [ 12]
 |   |   |   |- Guid:5093C828430884C067CCE49E0FF0DC46 BaseClass: NativeClass:/Script/Engine.StaticMeshActor Name:StaticMeshActor_UAID_047C16ED970DB55502_1528844158 Label:Cube26 SpatiallyLoaded:1 Bounds:IsValid=true, Min=(X=1250.000 Y=11318.250 Z=-122.500), Max=(X=4050.000 Y=14241.750 Z=9902.500) RuntimeGrid:None EditorOnly:0 RuntimeOnly:0 HLODRelevant:1 ListedInSceneOutliner:1 IsMainWorldOnly:0
 |   |   |- [+] [ 13]
 |   |   |   |- Guid:575D4D8F4FC98B4BBC6F62A61BD607EF BaseClass: NativeClass:/Script/Engine.PostProcessVolume Name:PostProcessVolume_UAID_047C16ED970DB55502_1500016137 Label:PostProcessVolume2 SpatiallyLoaded:0 Bounds:IsValid=true, Min=(X=0.000 Y=0.000 Z=400.000), Max=(X=200.000 Y=200.000 Z=600.000) RuntimeGrid:None EditorOnly:0 RuntimeOnly:0 HLODRelevant:0 ListedInSceneOutliner:1 IsMainWorldOnly:0 FolderPath:Lighting FolderGuid:0BA5F0A04EADB18E70D5B180D08FA34B
 |   |   |- [+] [ 14]
 |   |   |   |- Guid:5DE00DD74C2D1CFBFFD536A329B092FD BaseClass: NativeClass:/Script/Engine.Actor Name:ChaosDebugDrawActor_UAID_047C16ED970DB55502_1500006128 Label:Actor2 SpatiallyLoaded:1 Bounds:Invalid RuntimeGrid:None EditorOnly:0 RuntimeOnly:0 HLODRelevant:0 ListedInSceneOutliner:0 IsMainWorldOnly:0
 |   |   |- [+] [ 15]
 |   |   |   |- Guid:5FE7584649BB6F09265329A6C57CFD0D BaseClass: NativeClass:/Script/Engine.VolumetricCloud Name:VolumetricCloud_0 Label:VolumetricCloud SpatiallyLoaded:0 Bounds:IsValid=true, Min=(X=0.000 Y=0.000 Z=820.000), Max=(X=0.000 Y=0.000 Z=820.000) RuntimeGrid:None EditorOnly:0 RuntimeOnly:0 HLODRelevant:0 ListedInSceneOutliner:1 IsMainWorldOnly:0 FolderPath:Lighting FolderGuid:0BA5F0A04EADB18E70D5B180D08FA34B
 |   |   |- [+] [ 16]
 |   |   |   |- Guid:61391D344900612A77DFC3BA3E354907 BaseClass: NativeClass:/Script/Engine.ExponentialHeightFog Name:ExponentialHeightFog_0 Label:ExponentialHeightFog SpatiallyLoaded:0 Bounds:IsValid=true, Min=(X=-5600.000 Y=-50.000 Z=-6850.000), Max=(X=-5600.000 Y=-50.000 Z=-6850.000) RuntimeGrid:None EditorOnly:0 RuntimeOnly:0 HLODRelevant:0 ListedInSceneOutliner:1 IsMainWorldOnly:0 FolderPath:Lighting FolderGuid:0BA5F0A04EADB18E70D5B180D08FA34B
 |   |   |- [+] [ 17]
 |   |   |   |- Guid:68FC0E4548D06625B746AF8204B2364F BaseClass: NativeClass:/Script/Engine.SkyAtmosphere Name:SkyAtmosphere_UAID_047C16ED970DB55502_1500014135 Label:SkyAtmosphere2 SpatiallyLoaded:0 Bounds:IsValid=true, Min=(X=0.000 Y=0.000 Z=1020.000), Max=(X=0.000 Y=0.000 Z=1020.000) RuntimeGrid:None EditorOnly:0 RuntimeOnly:0 HLODRelevant:0 ListedInSceneOutliner:1 IsMainWorldOnly:0 FolderPath:Lighting FolderGuid:0BA5F0A04EADB18E70D5B180D08FA34B
 |   |   |- [+] [ 18]
 |   |   |   |- Guid:6C52551D4DADA058F654A3A6D15B40D1 BaseClass: NativeClass:/Script/Engine.StaticMeshActor Name:StaticMeshActor_UAID_047C16ED970DB55502_1431434120 Label:Cube2 SpatiallyLoaded:1 Bounds:IsValid=true, Min=(X=-10580.000 Y=-5091.750 Z=-122.500), Max=(X=-7780.000 Y=-2168.250 Z=9902.500) RuntimeGrid:None EditorOnly:0 RuntimeOnly:0 HLODRelevant:1 ListedInSceneOutliner:1 IsMainWorldOnly:0
 |   |   |- [+] [ 19]
 |   |   |   |- Guid:6FEFB3BD4EB37B849EF0D4AC80F83855 BaseClass: NativeClass:/Script/Engine.WorldDataLayers Name:WorldDataLayers Label:WorldDataLayers SpatiallyLoaded:0 Bounds:IsValid=true, Min=(X=0.000 Y=0.000 Z=0.000), Max=(X=0.000 Y=0.000 Z=0.000) RuntimeGrid:None EditorOnly:0 RuntimeOnly:0 HLODRelevant:0 ListedInSceneOutliner:1 IsMainWorldOnly:1
 |   |   |- [+] [ 20]
 |   |   |   |- Guid:73921E974042757B6590CFB1FE9FD8E6 BaseClass: NativeClass:/Script/Engine.StaticMeshActor Name:StaticMeshActor_UAID_047C16ED970DB55502_1511180149 Label:Cube17 SpatiallyLoaded:1 Bounds:IsValid=true, Min=(X=8930.000 Y=-9091.750 Z=-122.500), Max=(X=11730.000 Y=-6168.250 Z=9902.500) RuntimeGrid:None EditorOnly:0 RuntimeOnly:0 HLODRelevant:1 ListedInSceneOutliner:1 IsMainWorldOnly:0
 |   |   |- [+] [ 21]
 |   |   |   |- Guid:740F9FC643D327B052BEB789BA93AC19 BaseClass: NativeClass:/Script/Engine.StaticMeshActor Name:StaticMeshActor_UAID_047C16ED970DB55502_1535158160 Label:Cube28 SpatiallyLoaded:1 Bounds:IsValid=true, Min=(X=-6810.000 Y=-13561.750 Z=-122.500), Max=(X=-4010.000 Y=-10638.250 Z=9902.500) RuntimeGrid:None EditorOnly:0 RuntimeOnly:0 HLODRelevant:1 ListedInSceneOutliner:1 IsMainWorldOnly:0
 |   |   |- [+] [ 22]
 |   |   |   |- Guid:7635FE884E39B46749988492604F7EED BaseClass: NativeClass:/Script/Engine.SkyLight Name:SkyLight_UAID_047C16ED970DB55502_1500011133 Label:SkyLight2 SpatiallyLoaded:0 Bounds:IsValid=true, Min=(X=0.000 Y=0.000 Z=690.000), Max=(X=0.000 Y=0.000 Z=690.000) RuntimeGrid:None EditorOnly:0 RuntimeOnly:0 HLODRelevant:0 ListedInSceneOutliner:1 IsMainWorldOnly:0 FolderPath:Lighting FolderGuid:0BA5F0A04EADB18E70D5B180D08FA34B
 |   |   |- [+] [ 23]
 |   |   |   |- Guid:77CEE7EE4A051F597908F8A3BB13810C BaseClass: NativeClass:/Script/Engine.StaticMeshActor Name:StaticMeshActor_UAID_047C16ED970DB55502_1500021145 Label:Cube14 SpatiallyLoaded:1 Bounds:IsValid=true, Min=(X=-10580.000 Y=11318.250 Z=-122.500), Max=(X=-7780.000 Y=14241.750 Z=9902.500) RuntimeGrid:None EditorOnly:0 RuntimeOnly:0 HLODRelevant:1 ListedInSceneOutliner:1 IsMainWorldOnly:0
 |   |   |- [+] [ 24]
 |   |   |   |- Guid:928251294874463E94899C93F96F00AA BaseClass: NativeClass:/Script/Engine.StaticMeshActor Name:StaticMeshActor_UAID_047C16ED970DB55502_1527542157 Label:Cube25 SpatiallyLoaded:1 Bounds:IsValid=true, Min=(X=-2860.000 Y=11318.250 Z=-122.500), Max=(X=-60.000 Y=14241.750 Z=9902.500) RuntimeGrid:None EditorOnly:0 RuntimeOnly:0 HLODRelevant:1 ListedInSceneOutliner:1 IsMainWorldOnly:0
 |   |   |- [+] [ 25]
 |   |   |   |- Guid:94B07DEE44CCFBE30006249EA35F0F17 BaseClass: NativeClass:/Script/Engine.StaticMeshActor Name:StaticMeshActor_UAID_047C16ED970DB55502_1477817123 Label:Cube5 SpatiallyLoaded:1 Bounds:IsValid=true, Min=(X=-10580.000 Y=6728.250 Z=-122.500), Max=(X=-7780.000 Y=9651.750 Z=9902.500) RuntimeGrid:None EditorOnly:0 RuntimeOnly:0 HLODRelevant:1 ListedInSceneOutliner:1 IsMainWorldOnly:0
 |   |   |- [+] [ 26]
 |   |   |   |- Guid:9803709C4E0622E5DD3A50B51075D069 BaseClass: NativeClass:/Script/Engine.StaticMeshActor Name:StaticMeshActor_UAID_047C16ED970DB55502_1500019141 Label:Cube10 SpatiallyLoaded:1 Bounds:IsValid=true, Min=(X=-10580.000 Y=-5091.750 Z=-122.500), Max=(X=-7780.000 Y=-2168.250 Z=9902.500) RuntimeGrid:None EditorOnly:0 RuntimeOnly:0 HLODRelevant:1 ListedInSceneOutliner:1 IsMainWorldOnly:0
 |   |   |- [+] [ 27]
 |   |   |   |- Guid:9D9D646F481F8CD5FD4049ADC8E8B554 BaseClass: NativeClass:/Script/Engine.StaticMeshActor Name:StaticMeshActor_UAID_047C16ED970DB55502_1491667126 Label:Cube8 SpatiallyLoaded:1 Bounds:IsValid=true, Min=(X=-10580.000 Y=-13561.750 Z=-122.500), Max=(X=-7780.000 Y=-10638.250 Z=9902.500) RuntimeGrid:None EditorOnly:0 RuntimeOnly:0 HLODRelevant:1 ListedInSceneOutliner:1 IsMainWorldOnly:0
 |   |   |- [+] [ 28]
 |   |   |   |- Guid:A290738F404BAAD479FF15B4984F8C01 BaseClass: NativeClass:/Script/Engine.StaticMeshActor Name:StaticMeshActor_UAID_047C16ED970DB55502_1537061161 Label:Cube29 SpatiallyLoaded:1 Bounds:IsValid=true, Min=(X=-2930.000 Y=-13561.750 Z=-122.500), Max=(X=-130.000 Y=-10638.250 Z=9902.500) RuntimeGrid:None EditorOnly:0 RuntimeOnly:0 HLODRelevant:1 ListedInSceneOutliner:1 IsMainWorldOnly:0
 |   |   |- [+] [ 29]
 |   |   |   |- Guid:A354B1B24E617A525DC6B48CCDE2417E BaseClass: NativeClass:/Script/Engine.PlayerStart Name:PlayerStart_0 Label:PlayerStart SpatiallyLoaded:0 Bounds:IsValid=true, Min=(X=26.137 Y=540.066 Z=70.485), Max=(X=106.137 Y=620.066 Z=254.485) RuntimeGrid:None EditorOnly:0 RuntimeOnly:0 HLODRelevant:0 ListedInSceneOutliner:1 IsMainWorldOnly:0
 |   |   |- [+] [ 30]
 |   |   |   |- Guid:A6D522984EDFF012D891A29C9CDBFB1F BaseClass: NativeClass:/Script/Engine.StaticMeshActor Name:StaticMeshActor_UAID_047C16ED970DB55502_1525010156 Label:Cube24 SpatiallyLoaded:1 Bounds:IsValid=true, Min=(X=-6840.000 Y=11318.250 Z=-122.500), Max=(X=-4040.000 Y=14241.750 Z=9902.500) RuntimeGrid:None EditorOnly:0 RuntimeOnly:0 HLODRelevant:1 ListedInSceneOutliner:1 IsMainWorldOnly:0
 |   |   |- [+] [ 31]
 |   |   |   |- Guid:ABB1D9A4474F231CC16F2C98D78231C1 BaseClass: NativeClass:/Script/Engine.StaticMeshActor Name:StaticMeshActor_UAID_047C16ED970DB55502_1511178148 Label:SM_SkySphere3 SpatiallyLoaded:0 Bounds:IsValid=true, Min=(X=-1618890.000 Y=-1638400.000 Z=-1638400.000), Max=(X=1657910.000 Y=1638400.000 Z=1638400.000) RuntimeGrid:None EditorOnly:0 RuntimeOnly:0 HLODRelevant:0 ListedInSceneOutliner:1 IsMainWorldOnly:0 FolderPath:Lighting FolderGuid:0BA5F0A04EADB18E70D5B180D08FA34B
 |   |   |- [+] [ 32]
 |   |   |   |- Guid:AD4BCED74E129A4205F2B2949D89E45D BaseClass: NativeClass:/Script/Engine.StaticMeshActor Name:StaticMeshActor_UAID_047C16ED970DB55502_1547867165 Label:Cube33 SpatiallyLoaded:1 Bounds:IsValid=true, Min=(X=5050.000 Y=-1201.750 Z=-2292.500), Max=(X=7850.000 Y=1721.750 Z=7732.500) RuntimeGrid:None EditorOnly:0 RuntimeOnly:0 HLODRelevant:1 ListedInSceneOutliner:1 IsMainWorldOnly:0
 |   |   |- [+] [ 33]
 |   |   |   |- Guid:AD551C6348649AA63719C7A739076DEA BaseClass: NativeClass:/Script/Engine.StaticMeshActor Name:StaticMeshActor_UAID_047C16ED970DB55502_1530590159 Label:Cube27 SpatiallyLoaded:1 Bounds:IsValid=true, Min=(X=5090.000 Y=11318.250 Z=-122.500), Max=(X=7890.000 Y=14241.750 Z=9902.500) RuntimeGrid:None EditorOnly:0 RuntimeOnly:0 HLODRelevant:1 ListedInSceneOutliner:1 IsMainWorldOnly:0
 |   |   |- [+] [ 34]
 |   |   |   |- Guid:ADBACD53415D8B8C8796A688447EF5EE BaseClass: NativeClass:/Script/Engine.StaticMeshActor Name:StaticMeshActor_UAID_047C16ED970DB55502_1480752124 Label:Cube6 SpatiallyLoaded:1 Bounds:IsValid=true, Min=(X=-10580.000 Y=11318.250 Z=-122.500), Max=(X=-7780.000 Y=14241.750 Z=9902.500) RuntimeGrid:None EditorOnly:0 RuntimeOnly:0 HLODRelevant:1 ListedInSceneOutliner:1 IsMainWorldOnly:0
 |   |   |- [+] [ 35]
 |   |   |   |- Guid:B24C50E744236F73D9473DA38099371C BaseClass: NativeClass:/Script/Engine.StaticMeshActor Name:StaticMeshActor_UAID_047C16ED970DB55502_1511180150 Label:Cube18 SpatiallyLoaded:1 Bounds:IsValid=true, Min=(X=8930.000 Y=-5091.750 Z=-122.500), Max=(X=11730.000 Y=-2168.250 Z=9902.500) RuntimeGrid:None EditorOnly:0 RuntimeOnly:0 HLODRelevant:1 ListedInSceneOutliner:1 IsMainWorldOnly:0
 |   |   |- [+] [ 36]
 |   |   |   |- Guid:B2FEF4BB4A955510B7DDFA88F1FAB770 BaseClass: NativeClass:/Script/Engine.StaticMeshActor Name:StaticMeshActor_UAID_047C16ED970DB55502_1500022146 Label:Cube15 SpatiallyLoaded:1 Bounds:IsValid=true, Min=(X=-10580.000 Y=-13561.750 Z=-122.500), Max=(X=-7780.000 Y=-10638.250 Z=9902.500) RuntimeGrid:None EditorOnly:0 RuntimeOnly:0 HLODRelevant:1 ListedInSceneOutliner:1 IsMainWorldOnly:0
 |   |   |- [+] [ 37]
 |   |   |   |- Guid:B50BC05244D8CCC617EDED8828DD7FC2 BaseClass: NativeClass:/Script/Engine.StaticMeshActor Name:StaticMeshActor_UAID_047C16ED970DB55502_1868963167 Label:Cube35 SpatiallyLoaded:1 Bounds:IsValid=true, Min=(X=-14270.000 Y=-16877.500 Z=-3740.000), Max=(X=-11470.000 Y=17397.500 Z=13360.000) RuntimeGrid:None EditorOnly:0 RuntimeOnly:0 HLODRelevant:1 ListedInSceneOutliner:1 IsMainWorldOnly:0
 |   |   |- [+] [ 38]
 |   |   |   |- Guid:BE8B8ECD45FAD94939ABDA9CB58673B1 BaseClass: NativeClass:/Script/Engine.StaticMeshActor Name:StaticMeshActor_UAID_047C16ED970DB55502_1473199121 Label:Cube3 SpatiallyLoaded:1 Bounds:IsValid=true, Min=(X=-10580.000 Y=-1201.750 Z=-122.500), Max=(X=-7780.000 Y=1721.750 Z=9902.500) RuntimeGrid:None EditorOnly:0 RuntimeOnly:0 HLODRelevant:1 ListedInSceneOutliner:1 IsMainWorldOnly:0
 |   |   |- [+] [ 39]
 |   |   |   |- Guid:BFB69E4C4192FA6A04B4628E2B872D37 BaseClass:/Game/FirstPerson/Blueprints/BP_Pickup_Rifle.BP_Pickup_Rifle_C NativeClass:/Script/Engine.Actor Name:BP_Rifle_C_UAID_047C16ED970DB55502_1500017139 Label:BP_Pickup_Rifle2 SpatiallyLoaded:1 Bounds:IsValid=true, Min=(X=1070.703 Y=526.051 Z=27.398), Max=(X=1134.703 Y=609.241 Z=91.398) RuntimeGrid:None EditorOnly:0 RuntimeOnly:0 HLODRelevant:0 ListedInSceneOutliner:1 IsMainWorldOnly:0
 |   |   |- [+] [ 40]
 |   |   |   |- Guid:C0C56B9644AE3D40CAFF6A878DB29844 BaseClass: NativeClass:/Script/Engine.StaticMeshActor Name:StaticMeshActor_UAID_A4AE111137DC5EFB00_2001720423 Label:SM_SkySphere SpatiallyLoaded:0 Bounds:IsValid=true, Min=(X=-1638400.000 Y=-1638400.000 Z=-1638400.000), Max=(X=1638400.000 Y=1638400.000 Z=1638400.000) RuntimeGrid:None EditorOnly:0 RuntimeOnly:0 HLODRelevant:1 ListedInSceneOutliner:1 IsMainWorldOnly:0 FolderPath:Lighting FolderGuid:0BA5F0A04EADB18E70D5B180D08FA34B
 |   |   |- [+] [ 41]
 |   |   |   |- Guid:C22CE07C4B87D685137FDBBC10FC92C6 BaseClass: NativeClass:/Script/Engine.SkyAtmosphere Name:SkyAtmosphere_0 Label:SkyAtmosphere SpatiallyLoaded:0 Bounds:IsValid=true, Min=(X=0.000 Y=0.000 Z=1020.000), Max=(X=0.000 Y=0.000 Z=1020.000) RuntimeGrid:None EditorOnly:0 RuntimeOnly:0 HLODRelevant:0 ListedInSceneOutliner:1 IsMainWorldOnly:0 FolderPath:Lighting FolderGuid:0BA5F0A04EADB18E70D5B180D08FA34B
 |   |   |- [+] [ 42]
 |   |   |   |- Guid:C426591F4EDBABD9C623D3A2AF8A7D1F BaseClass: NativeClass:/Script/Engine.StaticMeshActor Name:StaticMeshActor_UAID_047C16ED970DB55502_1838530166 Label:Cube34 SpatiallyLoaded:1 Bounds:IsValid=true, Min=(X=12680.000 Y=-16877.500 Z=-3740.000), Max=(X=15480.000 Y=17397.500 Z=13360.000) RuntimeGrid:None EditorOnly:0 RuntimeOnly:0 HLODRelevant:1 ListedInSceneOutliner:1 IsMainWorldOnly:0
 |   |   |- [+] [ 43]
 |   |   |   |- Guid:C541D1094858CD87DEDCCCA37DD1C0DA BaseClass: NativeClass:/Script/Engine.StaticMeshActor Name:StaticMeshActor_UAID_047C16ED970DB55502_1975919170 Label:Cube37 SpatiallyLoaded:1 Bounds:IsValid=true, Min=(X=-16777.500 Y=-17440.000 Z=-3740.000), Max=(X=17497.500 Y=-14639.999 Z=13360.000) RuntimeGrid:None EditorOnly:0 RuntimeOnly:0 HLODRelevant:1 ListedInSceneOutliner:1 IsMainWorldOnly:0
 |   |   |- [+] [ 44]
 |   |   |   |- Guid:CA0C0930441574E19A83369FE661D7DA BaseClass: NativeClass:/Script/Engine.StaticMeshActor Name:StaticMeshActor_UAID_047C16ED970DB55502_1500020144 Label:Cube13 SpatiallyLoaded:1 Bounds:IsValid=true, Min=(X=-10580.000 Y=6728.250 Z=-122.500), Max=(X=-7780.000 Y=9651.750 Z=9902.500) RuntimeGrid:None EditorOnly:0 RuntimeOnly:0 HLODRelevant:1 ListedInSceneOutliner:1 IsMainWorldOnly:0
 |   |   |- [+] [ 45]
 |   |   |   |- Guid:CD78D4A94CA3F959A850908415E5F15D BaseClass: NativeClass:/Script/Engine.StaticMeshActor Name:StaticMeshActor_UAID_047C16ED970DB55502_1500018140 Label:Cube9 SpatiallyLoaded:1 Bounds:IsValid=true, Min=(X=-10580.000 Y=-9091.750 Z=-122.500), Max=(X=-7780.000 Y=-6168.250 Z=9902.500) RuntimeGrid:None EditorOnly:0 RuntimeOnly:0 HLODRelevant:1 ListedInSceneOutliner:1 IsMainWorldOnly:0
 |   |   |- [+] [ 46]
 |   |   |   |- Guid:CE8D82634660FCDB3120E2B8D547C533 BaseClass: NativeClass:/Script/Engine.PostProcessVolume Name:PostProcessVolume_0 Label:PostProcessVolume SpatiallyLoaded:0 Bounds:IsValid=true, Min=(X=0.000 Y=0.000 Z=400.000), Max=(X=200.000 Y=200.000 Z=600.000) RuntimeGrid:None EditorOnly:0 RuntimeOnly:0 HLODRelevant:0 ListedInSceneOutliner:1 IsMainWorldOnly:0 FolderPath:Lighting FolderGuid:0BA5F0A04EADB18E70D5B180D08FA34B
 |   |   |- [+] [ 47]
 |   |   |   |- Guid:D735696C400E69770F72CC99D73E27A3 BaseClass: NativeClass:/Script/Engine.StaticMeshActor Name:StaticMeshActor_UAID_047C16ED970DB55502_1484920125 Label:Cube7 SpatiallyLoaded:1 Bounds:IsValid=true, Min=(X=-10580.000 Y=-13561.750 Z=-122.500), Max=(X=-7780.000 Y=-10638.250 Z=9902.500) RuntimeGrid:None EditorOnly:0 RuntimeOnly:0 HLODRelevant:1 ListedInSceneOutliner:1 IsMainWorldOnly:0
 |   |   |- [+] [ 48]
 |   |   |   |- Guid:DCEF1EF044BD9D06ED1C8C9AA975B195 BaseClass: NativeClass:/Script/Engine.StaticMeshActor Name:StaticMeshActor_UAID_047C16ED970DB55502_1500020142 Label:Cube11 SpatiallyLoaded:1 Bounds:IsValid=true, Min=(X=-10580.000 Y=-1201.750 Z=-122.500), Max=(X=-7780.000 Y=1721.750 Z=9902.500) RuntimeGrid:None EditorOnly:0 RuntimeOnly:0 HLODRelevant:1 ListedInSceneOutliner:1 IsMainWorldOnly:0
 |   |   |- [+] [ 49]
 |   |   |   |- Guid:E49EE9CA4D33995FACA637AAA88F9AF7 BaseClass: NativeClass:/Script/Engine.DirectionalLight Name:DirectionalLight_UAID_047C16ED970DB55502_1500010131 Label:DirectionalLight2 SpatiallyLoaded:0 Bounds:Invalid RuntimeGrid:None EditorOnly:0 RuntimeOnly:0 HLODRelevant:0 ListedInSceneOutliner:1 IsMainWorldOnly:0 FolderPath:Lighting FolderGuid:0BA5F0A04EADB18E70D5B180D08FA34B
 |   |   |- [+] [ 50]
 |   |   |   |- Guid:E5320C1B4FD9764CE7B54D8487AEC613 BaseClass: NativeClass:/Script/Engine.SkyLight Name:SkyLight_0 Label:SkyLight SpatiallyLoaded:0 Bounds:IsValid=true, Min=(X=0.000 Y=0.000 Z=690.000), Max=(X=0.000 Y=0.000 Z=690.000) RuntimeGrid:None EditorOnly:0 RuntimeOnly:0 HLODRelevant:0 ListedInSceneOutliner:1 IsMainWorldOnly:0 FolderPath:Lighting FolderGuid:0BA5F0A04EADB18E70D5B180D08FA34B
 |   |   |- [+] [ 51]
 |   |   |   |- Guid:E62CC1F9450584DABC49F2B07F3AD8CF BaseClass: NativeClass:/Script/Engine.ExponentialHeightFog Name:ExponentialHeightFog_UAID_047C16ED970DB55502_1500007129 Label:ExponentialHeightFog2 SpatiallyLoaded:0 Bounds:IsValid=true, Min=(X=-5600.000 Y=-50.000 Z=-6850.000), Max=(X=-5600.000 Y=-50.000 Z=-6850.000) RuntimeGrid:None EditorOnly:0 RuntimeOnly:0 HLODRelevant:0 ListedInSceneOutliner:1 IsMainWorldOnly:0 FolderPath:Lighting FolderGuid:0BA5F0A04EADB18E70D5B180D08FA34B
 |   |   |- [+] [ 52]
 |   |   |   |- Guid:E738FA3C422BEA683DDBD7B4AE5ADB31 BaseClass: NativeClass:/Script/Engine.StaticMeshActor Name:StaticMeshActor_UAID_047C16ED970DB55502_1500020143 Label:Cube12 SpatiallyLoaded:1 Bounds:IsValid=true, Min=(X=-10580.000 Y=2658.250 Z=-122.500), Max=(X=-7780.000 Y=5581.750 Z=9902.500) RuntimeGrid:None EditorOnly:0 RuntimeOnly:0 HLODRelevant:1 ListedInSceneOutliner:1 IsMainWorldOnly:0
 |   |   |- [+] [ 53]
 |   |   |   |- Guid:E9714B0D458348FF33630F97AA2055FB BaseClass: NativeClass:/Script/Engine.StaticMeshActor Name:StaticMeshActor_UAID_047C16ED970DB55502_1511181151 Label:Cube19 SpatiallyLoaded:1 Bounds:IsValid=true, Min=(X=8930.000 Y=-1201.750 Z=-122.500), Max=(X=11730.000 Y=1721.750 Z=9902.500) RuntimeGrid:None EditorOnly:0 RuntimeOnly:0 HLODRelevant:1 ListedInSceneOutliner:1 IsMainWorldOnly:0
 |   |   |- [+] [ 54]
 |   |   |   |- Guid:EB20A2614B63DB63B7EF2B8A5A479A0F BaseClass: NativeClass:/Script/Engine.StaticMeshActor Name:StaticMeshActor_UAID_047C16ED970DB55502_1500015136 Label:SM_SkySphere2 SpatiallyLoaded:0 Bounds:IsValid=true, Min=(X=-1638400.000 Y=-1638400.000 Z=-1638400.000), Max=(X=1638400.000 Y=1638400.000 Z=1638400.000) RuntimeGrid:None EditorOnly:0 RuntimeOnly:0 HLODRelevant:0 ListedInSceneOutliner:1 IsMainWorldOnly:0 FolderPath:Lighting FolderGuid:0BA5F0A04EADB18E70D5B180D08FA34B
 |   |   |- [+] [ 55]
 |   |   |   |- Guid:EE66F4454A4A9F99393F559AB739C05E BaseClass:/Game/FirstPerson/Blueprints/BP_Pickup_Rifle.BP_Pickup_Rifle_C NativeClass:/Script/Engine.Actor Name:BP_Rifle_C_1 Label:BP_Pickup_Rifle SpatiallyLoaded:1 Bounds:IsValid=true, Min=(X=1070.703 Y=526.051 Z=27.398), Max=(X=1134.703 Y=609.241 Z=91.398) RuntimeGrid:None EditorOnly:0 RuntimeOnly:0 HLODRelevant:0 ListedInSceneOutliner:1 IsMainWorldOnly:0
 |   |   |- [+] [ 56]
 |   |   |   |- Guid:F80621C9446867154938FE81375207DA BaseClass: NativeClass:/Script/Engine.DirectionalLight Name:DirectionalLight_1 Label:DirectionalLight SpatiallyLoaded:0 Bounds:IsValid=true, Min=(X=-1048576.000 Y=-1048576.000 Z=-1048576.000), Max=(X=1048576.000 Y=1048576.000 Z=1048576.000) RuntimeGrid:None EditorOnly:0 RuntimeOnly:0 HLODRelevant:0 ListedInSceneOutliner:1 IsMainWorldOnly:0 FolderPath:Lighting FolderGuid:0BA5F0A04EADB18E70D5B180D08FA34B
 |   |   |- [+] [ 57]
 |   |   |   |- Guid:F92C00E5433574258581B5B7F97E40F4 BaseClass: NativeClass:/Script/Engine.StaticMeshActor Name:StaticMeshActor_UAID_047C16ED970DB55502_1475764122 Label:Cube4 SpatiallyLoaded:1 Bounds:IsValid=true, Min=(X=-10580.000 Y=2658.250 Z=-122.500), Max=(X=-7780.000 Y=5581.750 Z=9902.500) RuntimeGrid:None EditorOnly:0 RuntimeOnly:0 HLODRelevant:1 ListedInSceneOutliner:1 IsMainWorldOnly:0
 |   |   |- [+] [ 58]
 |   |   |   |- Guid:FDCEB61F402908D89453E182299C1CAD BaseClass: NativeClass:/Script/Engine.StaticMeshActor Name:StaticMeshActor_UAID_047C16ED970DB05502_2105059238 Label:Plane SpatiallyLoaded:1 Bounds:IsValid=true, Min=(X=-11497.500 Y=-14660.000 Z=-50.000), Max=(X=12677.500 Y=15440.000 Z=-50.000) RuntimeGrid:None EditorOnly:0 RuntimeOnly:0 HLODRelevant:1 ListedInSceneOutliner:1 IsMainWorldOnly:0
 |   |   |- [+] [ 59]
 |   |   |   |- Guid:FF9AD15A4243168DFF4E56B7334870B9 BaseClass: NativeClass:/Script/Engine.PlayerStart Name:PlayerStart_UAID_047C16ED970DB55502_1500013134 Label:PlayerStart2 SpatiallyLoaded:0 Bounds:IsValid=true, Min=(X=26.137 Y=540.066 Z=70.485), Max=(X=106.137 Y=620.066 Z=254.485) RuntimeGrid:None EditorOnly:0 RuntimeOnly:0 HLODRelevant:0 ListedInSceneOutliner:1 IsMainWorldOnly:0
 |- ContainerInstances:
 |- [+] MainContainer:
 |   |-        ID: 00000000000000000000000000000000
 |   |-  ParentID: 00000000000000000000000000000000
 |   |-    Bounds: IsValid=false, Min=(X=0.000 Y=0.000 Z=0.000), Max=(X=0.000 Y=0.000 Z=0.000)
 |   |- Transform: 0.000000,0.000000,0.000000|0.000000,0.000000,-0.000000|1.000000,1.000000,1.000000
 |   |- Container: /Game/FirstPerson/Maps/FirstPersonMap
----------------------------------------------------------------------------------------------------------------
FirstPersonMap - Persistent Level
----------------------------------------------------------------------------------------------------------------
[+] Content of FirstPersonMap Persistent Level
 |- Always loaded Actor Count: 60 
 |- Actor Path: /Game/FirstPerson/Maps/FirstPersonMap.FirstPersonMap:PersistentLevel.BP_Rifle_C_1
 |- Actor Package: /Game/__ExternalActors__/FirstPerson/Maps/FirstPersonMap/5/8C/EAHCBN229IT8APJO305AH5
 |- Actor Path: /Game/FirstPerson/Maps/FirstPersonMap.FirstPersonMap:PersistentLevel.BP_Rifle_C_UAID_047C16ED970DB55502_1500017139
 |- Actor Package: /Game/__ExternalActors__/FirstPerson/Maps/FirstPersonMap/4/42/37NQ4WTBZDWS682Y31143A
 |- Actor Path: /Game/FirstPerson/Maps/FirstPersonMap.FirstPersonMap:PersistentLevel.ChaosDebugDrawActor_UAID_047C16ED970DB55502_1500006128
 |- Actor Package: /Game/__ExternalActors__/FirstPerson/Maps/FirstPersonMap/8/Y8/XGXFYK3ATQ7LT3OEXWYUJN
 |- Actor Path: /Game/FirstPerson/Maps/FirstPersonMap.FirstPersonMap:PersistentLevel.DirectionalLight_1
 |- Actor Package: /Game/__ExternalActors__/FirstPerson/Maps/FirstPersonMap/0/WB/V4ALNTJYOVWM8BU452CKV5
 |- Actor Path: /Game/FirstPerson/Maps/FirstPersonMap.FirstPersonMap:PersistentLevel.DirectionalLight_UAID_047C16ED970DB55502_1500010131
 |- Actor Package: /Game/__ExternalActors__/FirstPerson/Maps/FirstPersonMap/A/S2/KHLVCNR2W55LRQYVWX1PX7
 |- Actor Path: /Game/FirstPerson/Maps/FirstPersonMap.FirstPersonMap:PersistentLevel.ExponentialHeightFog_0
 |- Actor Package: /Game/__ExternalActors__/FirstPerson/Maps/FirstPersonMap/0/CL/381LM03PFI8AF9NED1SEV2
 |- Actor Path: /Game/FirstPerson/Maps/FirstPersonMap.FirstPersonMap:PersistentLevel.ExponentialHeightFog_UAID_047C16ED970DB55502_1500007129
 |- Actor Package: /Game/__ExternalActors__/FirstPerson/Maps/FirstPersonMap/B/F9/6RRKIJRGN8XIYJDEUVJB28
 |- Actor Path: /Game/FirstPerson/Maps/FirstPersonMap.FirstPersonMap:PersistentLevel.PlayerStart_0
 |- Actor Package: /Game/__ExternalActors__/FirstPerson/Maps/FirstPersonMap/8/Z7/W1SXRCM1KAKBJOIZDLHZ47
 |- Actor Path: /Game/FirstPerson/Maps/FirstPersonMap.FirstPersonMap:PersistentLevel.PlayerStart_UAID_047C16ED970DB55502_1500013134
 |- Actor Package: /Game/__ExternalActors__/FirstPerson/Maps/FirstPersonMap/6/1I/V9UMUGSF5XDKV5IX9JGQOB
 |- Actor Path: /Game/FirstPerson/Maps/FirstPersonMap.FirstPersonMap:PersistentLevel.PostProcessVolume_0
 |- Actor Package: /Game/__ExternalActors__/FirstPerson/Maps/FirstPersonMap/E/MX/R1GV431P5FDO08OFULRA01
 |- Actor Path: /Game/FirstPerson/Maps/FirstPersonMap.FirstPersonMap:PersistentLevel.PostProcessVolume_UAID_047C16ED970DB55502_1500016137
 |- Actor Package: /Game/__ExternalActors__/FirstPerson/Maps/FirstPersonMap/7/6V/IV0WO2OAXDEC2EXPV6X3FG
 |- Actor Path: /Game/FirstPerson/Maps/FirstPersonMap.FirstPersonMap:PersistentLevel.SkyAtmosphere_0
 |- Actor Package: /Game/__ExternalActors__/FirstPerson/Maps/FirstPersonMap/C/VO/VMN4G7K3NKKV6F8HTPHHDB
 |- Actor Path: /Game/FirstPerson/Maps/FirstPersonMap.FirstPersonMap:PersistentLevel.SkyAtmosphere_UAID_047C16ED970DB55502_1500014135
 |- Actor Package: /Game/__ExternalActors__/FirstPerson/Maps/FirstPersonMap/6/EM/CCG4CQA515VPFH6AJXB7SN
 |- Actor Path: /Game/FirstPerson/Maps/FirstPersonMap.FirstPersonMap:PersistentLevel.SkyLight_0
 |- Actor Package: /Game/__ExternalActors__/FirstPerson/Maps/FirstPersonMap/6/0Z/5RQIHCZ9W3UXRGL4LTLQAK
 |- Actor Path: /Game/FirstPerson/Maps/FirstPersonMap.FirstPersonMap:PersistentLevel.SkyLight_UAID_047C16ED970DB55502_1500011133
 |- Actor Package: /Game/__ExternalActors__/FirstPerson/Maps/FirstPersonMap/8/YJ/0BY6ZZFH5OK1TOU19CYJ27
 |- Actor Path: /Game/FirstPerson/Maps/FirstPersonMap.FirstPersonMap:PersistentLevel.StaticMeshActor_UAID_047C16ED970DB05502_2105059238
 |- Actor Package: /Game/__ExternalActors__/FirstPerson/Maps/FirstPersonMap/3/5A/WVUYRQK94BFG0JICB9DXEX
 |- Actor Path: /Game/FirstPerson/Maps/FirstPersonMap.FirstPersonMap:PersistentLevel.StaticMeshActor_UAID_047C16ED970DB55502_1300027119
 |- Actor Package: /Game/__ExternalActors__/FirstPerson/Maps/FirstPersonMap/2/ZS/IF61IKPVN18GMLAG7T7H4K
 |- Actor Path: /Game/FirstPerson/Maps/FirstPersonMap.FirstPersonMap:PersistentLevel.StaticMeshActor_UAID_047C16ED970DB55502_1431434120
 |- Actor Package: /Game/__ExternalActors__/FirstPerson/Maps/FirstPersonMap/3/MD/STGF3JCS9U0WY6MAUFTQEV
 |- Actor Path: /Game/FirstPerson/Maps/FirstPersonMap.FirstPersonMap:PersistentLevel.StaticMeshActor_UAID_047C16ED970DB55502_1473199121
 |- Actor Package: /Game/__ExternalActors__/FirstPerson/Maps/FirstPersonMap/2/5B/CVA1CWLOW0VYLW4SMQQUYZ
 |- Actor Path: /Game/FirstPerson/Maps/FirstPersonMap.FirstPersonMap:PersistentLevel.StaticMeshActor_UAID_047C16ED970DB55502_1475764122
 |- Actor Package: /Game/__ExternalActors__/FirstPerson/Maps/FirstPersonMap/E/TD/H5TC18A07GSE5LFJ6JUACR
 |- Actor Path: /Game/FirstPerson/Maps/FirstPersonMap.FirstPersonMap:PersistentLevel.StaticMeshActor_UAID_047C16ED970DB55502_1477817123
 |- Actor Package: /Game/__ExternalActors__/FirstPerson/Maps/FirstPersonMap/C/5E/6UTIB2YZB412201GWUT7JM
 |- Actor Path: /Game/FirstPerson/Maps/FirstPersonMap.FirstPersonMap:PersistentLevel.StaticMeshActor_UAID_047C16ED970DB55502_1480752124
 |- Actor Package: /Game/__ExternalActors__/FirstPerson/Maps/FirstPersonMap/8/AN/NHBLQ0EN4BK4KCQ6K054L4
 |- Actor Path: /Game/FirstPerson/Maps/FirstPersonMap.FirstPersonMap:PersistentLevel.StaticMeshActor_UAID_047C16ED970DB55502_1484920125
 |- Actor Package: /Game/__ExternalActors__/FirstPerson/Maps/FirstPersonMap/2/W4/HT3RX1EQQQ5RHLXN3Y6TME
 |- Actor Path: /Game/FirstPerson/Maps/FirstPersonMap.FirstPersonMap:PersistentLevel.StaticMeshActor_UAID_047C16ED970DB55502_1491667126
 |- Actor Package: /Game/__ExternalActors__/FirstPerson/Maps/FirstPersonMap/B/GM/BABUHJJLKBZCTNAY1ZRWWI
 |- Actor Path: /Game/FirstPerson/Maps/FirstPersonMap.FirstPersonMap:PersistentLevel.StaticMeshActor_UAID_047C16ED970DB55502_1500015136
 |- Actor Package: /Game/__ExternalActors__/FirstPerson/Maps/FirstPersonMap/3/SU/QMX6W902T9BUB1BXG41366
 |- Actor Path: /Game/FirstPerson/Maps/FirstPersonMap.FirstPersonMap:PersistentLevel.StaticMeshActor_UAID_047C16ED970DB55502_1500016138
 |- Actor Package: /Game/__ExternalActors__/FirstPerson/Maps/FirstPersonMap/5/NJ/JYZD6YH4SYHQT8VKSXS4N2
 |- Actor Path: /Game/FirstPerson/Maps/FirstPersonMap.FirstPersonMap:PersistentLevel.StaticMeshActor_UAID_047C16ED970DB55502_1500018140
 |- Actor Package: /Game/__ExternalActors__/FirstPerson/Maps/FirstPersonMap/F/01/9C1OBPERSR643DMYHVQG6M
 |- Actor Path: /Game/FirstPerson/Maps/FirstPersonMap.FirstPersonMap:PersistentLevel.StaticMeshActor_UAID_047C16ED970DB55502_1500019141
 |- Actor Package: /Game/__ExternalActors__/FirstPerson/Maps/FirstPersonMap/0/ZX/MCL8TFKI9X060EIE1MGHPZ
 |- Actor Path: /Game/FirstPerson/Maps/FirstPersonMap.FirstPersonMap:PersistentLevel.StaticMeshActor_UAID_047C16ED970DB55502_1500020142
 |- Actor Package: /Game/__ExternalActors__/FirstPerson/Maps/FirstPersonMap/B/80/RI6J12T5KQWUWDKAPX4PZS
 |- Actor Path: /Game/FirstPerson/Maps/FirstPersonMap.FirstPersonMap:PersistentLevel.StaticMeshActor_UAID_047C16ED970DB55502_1500020143
 |- Actor Package: /Game/__ExternalActors__/FirstPerson/Maps/FirstPersonMap/3/4H/1BREMXGIQTD8GMMVQL4II2
 |- Actor Path: /Game/FirstPerson/Maps/FirstPersonMap.FirstPersonMap:PersistentLevel.StaticMeshActor_UAID_047C16ED970DB55502_1500020144
 |- Actor Package: /Game/__ExternalActors__/FirstPerson/Maps/FirstPersonMap/4/K1/PPEG39SYCZH7OYIVZ7LB0L
 |- Actor Path: /Game/FirstPerson/Maps/FirstPersonMap.FirstPersonMap:PersistentLevel.StaticMeshActor_UAID_047C16ED970DB55502_1500021145
 |- Actor Package: /Game/__ExternalActors__/FirstPerson/Maps/FirstPersonMap/4/QL/N5TW5EGFXWBPEGZJEBR1ET
 |- Actor Path: /Game/FirstPerson/Maps/FirstPersonMap.FirstPersonMap:PersistentLevel.StaticMeshActor_UAID_047C16ED970DB55502_1500022146
 |- Actor Package: /Game/__ExternalActors__/FirstPerson/Maps/FirstPersonMap/D/RG/O9LBGMYC4G54FJ7BXLYS26
 |- Actor Path: /Game/FirstPerson/Maps/FirstPersonMap.FirstPersonMap:PersistentLevel.StaticMeshActor_UAID_047C16ED970DB55502_1500023147
 |- Actor Package: /Game/__ExternalActors__/FirstPerson/Maps/FirstPersonMap/D/WO/PGJ24XYKOD80B8B1OKBGTX
 |- Actor Path: /Game/FirstPerson/Maps/FirstPersonMap.FirstPersonMap:PersistentLevel.StaticMeshActor_UAID_047C16ED970DB55502_1511178148
 |- Actor Package: /Game/__ExternalActors__/FirstPerson/Maps/FirstPersonMap/2/NL/0SBIPXPI97NGO5UXSFHQAX
 |- Actor Path: /Game/FirstPerson/Maps/FirstPersonMap.FirstPersonMap:PersistentLevel.StaticMeshActor_UAID_047C16ED970DB55502_1511180149
 |- Actor Package: /Game/__ExternalActors__/FirstPerson/Maps/FirstPersonMap/0/3H/KWXGL7FC8OUYQ5MZ6MXV9M
 |- Actor Path: /Game/FirstPerson/Maps/FirstPersonMap.FirstPersonMap:PersistentLevel.StaticMeshActor_UAID_047C16ED970DB55502_1511180150
 |- Actor Package: /Game/__ExternalActors__/FirstPerson/Maps/FirstPersonMap/D/ST/05E9RKF1PDQKI69AOB982I
 |- Actor Path: /Game/FirstPerson/Maps/FirstPersonMap.FirstPersonMap:PersistentLevel.StaticMeshActor_UAID_047C16ED970DB55502_1511181151
 |- Actor Package: /Game/__ExternalActors__/FirstPerson/Maps/FirstPersonMap/8/GT/I6NSQE2KFDZSY2ZSVO9ZX2
 |- Actor Path: /Game/FirstPerson/Maps/FirstPersonMap.FirstPersonMap:PersistentLevel.StaticMeshActor_UAID_047C16ED970DB55502_1511181152
 |- Actor Package: /Game/__ExternalActors__/FirstPerson/Maps/FirstPersonMap/9/9Z/LGLLMYQL4I9GZWEDJ37UVB
 |- Actor Path: /Game/FirstPerson/Maps/FirstPersonMap.FirstPersonMap:PersistentLevel.StaticMeshActor_UAID_047C16ED970DB55502_1511182153
 |- Actor Package: /Game/__ExternalActors__/FirstPerson/Maps/FirstPersonMap/C/8S/KHAMU1EZU4E90BTSG2CF2E
 |- Actor Path: /Game/FirstPerson/Maps/FirstPersonMap.FirstPersonMap:PersistentLevel.StaticMeshActor_UAID_047C16ED970DB55502_1511183154
 |- Actor Package: /Game/__ExternalActors__/FirstPerson/Maps/FirstPersonMap/A/6H/QSDBKJYG3NBVTCJOXV0LTN
 |- Actor Path: /Game/FirstPerson/Maps/FirstPersonMap.FirstPersonMap:PersistentLevel.StaticMeshActor_UAID_047C16ED970DB55502_1511183155
 |- Actor Package: /Game/__ExternalActors__/FirstPerson/Maps/FirstPersonMap/D/1Z/7LBX9JJFG93QLE88PBTJIS
 |- Actor Path: /Game/FirstPerson/Maps/FirstPersonMap.FirstPersonMap:PersistentLevel.StaticMeshActor_UAID_047C16ED970DB55502_1525010156
 |- Actor Package: /Game/__ExternalActors__/FirstPerson/Maps/FirstPersonMap/3/29/G40KP4TECKAB7VW7073UOU
 |- Actor Path: /Game/FirstPerson/Maps/FirstPersonMap.FirstPersonMap:PersistentLevel.StaticMeshActor_UAID_047C16ED970DB55502_1527542157
 |- Actor Package: /Game/__ExternalActors__/FirstPerson/Maps/FirstPersonMap/7/7Y/7YLCCUBVKQ5NEP7B5NGAO5
 |- Actor Path: /Game/FirstPerson/Maps/FirstPersonMap.FirstPersonMap:PersistentLevel.StaticMeshActor_UAID_047C16ED970DB55502_1528844158
 |- Actor Package: /Game/__ExternalActors__/FirstPerson/Maps/FirstPersonMap/F/5I/C9QKSSRCIJY6SIQ1JR68LS
 |- Actor Path: /Game/FirstPerson/Maps/FirstPersonMap.FirstPersonMap:PersistentLevel.StaticMeshActor_UAID_047C16ED970DB55502_1530590159
 |- Actor Package: /Game/__ExternalActors__/FirstPerson/Maps/FirstPersonMap/8/ZT/TSU5MRR39U8EY4437O4YAW
 |- Actor Path: /Game/FirstPerson/Maps/FirstPersonMap.FirstPersonMap:PersistentLevel.StaticMeshActor_UAID_047C16ED970DB55502_1535158160
 |- Actor Package: /Game/__ExternalActors__/FirstPerson/Maps/FirstPersonMap/7/HO/IISM4Q8OJ59120T5AQ5Y2B
 |- Actor Path: /Game/FirstPerson/Maps/FirstPersonMap.FirstPersonMap:PersistentLevel.StaticMeshActor_UAID_047C16ED970DB55502_1537061161
 |- Actor Package: /Game/__ExternalActors__/FirstPerson/Maps/FirstPersonMap/D/ED/U3TRX3940S0YOIIKW988UH
 |- Actor Path: /Game/FirstPerson/Maps/FirstPersonMap.FirstPersonMap:PersistentLevel.StaticMeshActor_UAID_047C16ED970DB55502_1538698162
 |- Actor Package: /Game/__ExternalActors__/FirstPerson/Maps/FirstPersonMap/C/4N/WT8RYE0JVCYMB6HR581YI3
 |- Actor Path: /Game/FirstPerson/Maps/FirstPersonMap.FirstPersonMap:PersistentLevel.StaticMeshActor_UAID_047C16ED970DB55502_1540231163
 |- Actor Package: /Game/__ExternalActors__/FirstPerson/Maps/FirstPersonMap/1/RP/104DXGFCU3IVYCJT7CHVKE
 |- Actor Path: /Game/FirstPerson/Maps/FirstPersonMap.FirstPersonMap:PersistentLevel.StaticMeshActor_UAID_047C16ED970DB55502_1544963164
 |- Actor Package: /Game/__ExternalActors__/FirstPerson/Maps/FirstPersonMap/8/UF/8NDY8ELBJO0JXBKJKX3G13
 |- Actor Path: /Game/FirstPerson/Maps/FirstPersonMap.FirstPersonMap:PersistentLevel.StaticMeshActor_UAID_047C16ED970DB55502_1547867165
 |- Actor Package: /Game/__ExternalActors__/FirstPerson/Maps/FirstPersonMap/0/V2/483WUN9J3EU6ND98P9STMM
 |- Actor Path: /Game/FirstPerson/Maps/FirstPersonMap.FirstPersonMap:PersistentLevel.StaticMeshActor_UAID_047C16ED970DB55502_1838530166
 |- Actor Package: /Game/__ExternalActors__/FirstPerson/Maps/FirstPersonMap/0/P2/CJPDXGM6BNNOUYLV8D90KK
 |- Actor Path: /Game/FirstPerson/Maps/FirstPersonMap.FirstPersonMap:PersistentLevel.StaticMeshActor_UAID_047C16ED970DB55502_1868963167
 |- Actor Package: /Game/__ExternalActors__/FirstPerson/Maps/FirstPersonMap/C/CU/M9YQPEZ38ICFQA7UT25IM0
 |- Actor Path: /Game/FirstPerson/Maps/FirstPersonMap.FirstPersonMap:PersistentLevel.StaticMeshActor_UAID_047C16ED970DB55502_1924904169
 |- Actor Package: /Game/__ExternalActors__/FirstPerson/Maps/FirstPersonMap/B/8R/F30BYK31220GTW5TWZ0B49
 |- Actor Path: /Game/FirstPerson/Maps/FirstPersonMap.FirstPersonMap:PersistentLevel.StaticMeshActor_UAID_047C16ED970DB55502_1975919170
 |- Actor Package: /Game/__ExternalActors__/FirstPerson/Maps/FirstPersonMap/1/MT/D5BHY28V6V8967AE7ALL5D
 |- Actor Path: /Game/FirstPerson/Maps/FirstPersonMap.FirstPersonMap:PersistentLevel.StaticMeshActor_UAID_A4AE111137DC5EFB00_2001720423
 |- Actor Package: /Game/__ExternalActors__/FirstPerson/Maps/FirstPersonMap/C/ZU/PDQ0AB8RLNMVID876FD49G
 |- Actor Path: /Game/FirstPerson/Maps/FirstPersonMap.FirstPersonMap:PersistentLevel.VolumetricCloud_0
 |- Actor Package: /Game/__ExternalActors__/FirstPerson/Maps/FirstPersonMap/0/GO/I8WEFD3RY9V3NVQLSU6QM4
 |- Actor Path: /Game/FirstPerson/Maps/FirstPersonMap.FirstPersonMap:PersistentLevel.VolumetricCloud_UAID_047C16ED970DB55502_1500008130
 |- Actor Package: /Game/__ExternalActors__/FirstPerson/Maps/FirstPersonMap/C/WX/20KWABLAT8T4LBOQ3HYEUA
 |- Actor Path: /Game/FirstPerson/Maps/FirstPersonMap.FirstPersonMap:PersistentLevel.WorldDataLayers
 |- Actor Package: /Game/__ExternalActors__/FirstPerson/Maps/FirstPersonMap/D/0W/E1FKEGVKGOLM7HGLQPCIPO

----------------------------------------------------------------------------------------------------------------
FirstPersonMap - Runtime Hash Set
----------------------------------------------------------------------------------------------------------------

